Mon Jun 19 2023 17:1:9 [LSE] error: globalErrorHandler ~~ Parameter "obj" to Document() must be an object, got "function model(doc, fields, skipId) {
      model.hooks.execPreSync('createModel', doc);
      if (!(this instanceof model)) {
        return new model(doc, fields, skipId);
      }
      const discriminatorKey = model.schema.options.discriminatorKey;

      if (model.discriminators == null || doc == null || doc[discriminatorKey] == null) {
        Model.call(this, doc, fields, skipId);
        return;
      }

      // If discriminator key is set, use the discriminator instead (gh-7586)
      const Discriminator = model.discriminators[doc[discriminatorKey]] ||
        getDiscriminatorByValue(model.discriminators, doc[discriminatorKey]);
      if (Discriminator != null) {
        return new Discriminator(doc, fields, skipId);
      }

      // Otherwise, just use the top-level model
      Model.call(this, doc, fields, skipId);
    }" (type function)
Mon Jun 19 2023 17:2:22 [LSE] error: globalErrorHandler ~~ Parameter "obj" to Document() must be an object, got "function model(doc, fields, skipId) {
      model.hooks.execPreSync('createModel', doc);
      if (!(this instanceof model)) {
        return new model(doc, fields, skipId);
      }
      const discriminatorKey = model.schema.options.discriminatorKey;

      if (model.discriminators == null || doc == null || doc[discriminatorKey] == null) {
        Model.call(this, doc, fields, skipId);
        return;
      }

      // If discriminator key is set, use the discriminator instead (gh-7586)
      const Discriminator = model.discriminators[doc[discriminatorKey]] ||
        getDiscriminatorByValue(model.discriminators, doc[discriminatorKey]);
      if (Discriminator != null) {
        return new Discriminator(doc, fields, skipId);
      }

      // Otherwise, just use the top-level model
      Model.call(this, doc, fields, skipId);
    }" (type function)
Mon Jun 19 2023 17:3:2 [LSE] error: globalErrorHandler ~~ Parameter "obj" to Document() must be an object, got "function model(doc, fields, skipId) {
      model.hooks.execPreSync('createModel', doc);
      if (!(this instanceof model)) {
        return new model(doc, fields, skipId);
      }
      const discriminatorKey = model.schema.options.discriminatorKey;

      if (model.discriminators == null || doc == null || doc[discriminatorKey] == null) {
        Model.call(this, doc, fields, skipId);
        return;
      }

      // If discriminator key is set, use the discriminator instead (gh-7586)
      const Discriminator = model.discriminators[doc[discriminatorKey]] ||
        getDiscriminatorByValue(model.discriminators, doc[discriminatorKey]);
      if (Discriminator != null) {
        return new Discriminator(doc, fields, skipId);
      }

      // Otherwise, just use the top-level model
      Model.call(this, doc, fields, skipId);
    }" (type function)
